0 info it worked if it ends with ok
1 verbose cli [ '/usr/bin/nodejs',
1 verbose cli   '/usr/bin/npm',
1 verbose cli   'install',
1 verbose cli   'grunt-contrib-usemin' ]
2 info using npm@1.2.18
3 info using node@v0.10.15
4 verbose read json /var/www/ghost/content/themes/attic/package.json
5 verbose read json /var/www/ghost/content/themes/attic/node_modules/grunt/package.json
6 verbose read json /var/www/ghost/content/themes/attic/node_modules/grunt-contrib-compass/package.json
7 verbose read json /var/www/ghost/content/themes/attic/node_modules/grunt-contrib-imagemin/package.json
8 verbose read json /var/www/ghost/content/themes/attic/node_modules/grunt-contrib-jshint/package.json
9 verbose read json /var/www/ghost/content/themes/attic/node_modules/grunt-contrib-uglify/package.json
10 verbose read json /var/www/ghost/content/themes/attic/node_modules/grunt-contrib-watch/package.json
11 verbose from cache /var/www/ghost/content/themes/attic/package.json
12 verbose readDependencies using package.json deps
13 verbose cache add [ 'grunt-contrib-usemin', null ]
14 verbose cache add name=undefined spec="grunt-contrib-usemin" args=["grunt-contrib-usemin",null]
15 verbose parsed url { protocol: null,
15 verbose parsed url   slashes: null,
15 verbose parsed url   auth: null,
15 verbose parsed url   host: null,
15 verbose parsed url   port: null,
15 verbose parsed url   hostname: null,
15 verbose parsed url   hash: null,
15 verbose parsed url   search: null,
15 verbose parsed url   query: null,
15 verbose parsed url   pathname: 'grunt-contrib-usemin',
15 verbose parsed url   path: 'grunt-contrib-usemin',
15 verbose parsed url   href: 'grunt-contrib-usemin' }
16 silly lockFile f50114b8-grunt-contrib-usemin grunt-contrib-usemin
17 verbose lock grunt-contrib-usemin /home/radu/.npm/f50114b8-grunt-contrib-usemin.lock
18 silly lockFile f50114b8-grunt-contrib-usemin grunt-contrib-usemin
19 silly lockFile f50114b8-grunt-contrib-usemin grunt-contrib-usemin
20 verbose addNamed [ 'grunt-contrib-usemin', '' ]
21 verbose addNamed [ null, '*' ]
22 silly lockFile dde8decd-grunt-contrib-usemin grunt-contrib-usemin@
23 verbose lock grunt-contrib-usemin@ /home/radu/.npm/dde8decd-grunt-contrib-usemin.lock
24 silly addNameRange { name: 'grunt-contrib-usemin', range: '*', hasData: false }
25 verbose url raw grunt-contrib-usemin
26 verbose url resolving [ 'https://registry.npmjs.org/', './grunt-contrib-usemin' ]
27 verbose url resolved https://registry.npmjs.org/grunt-contrib-usemin
28 info trying registry request attempt 1 at 15:29:30
29 http GET https://registry.npmjs.org/grunt-contrib-usemin
30 http 404 https://registry.npmjs.org/grunt-contrib-usemin
31 silly registry.get cb [ 404,
31 silly registry.get   { server: 'CouchDB/1.3.1 (Erlang OTP/R15B03)',
31 silly registry.get     date: 'Sat, 19 Oct 2013 12:29:32 GMT',
31 silly registry.get     'content-type': 'application/json',
31 silly registry.get     'content-length': '52',
31 silly registry.get     'cache-control': 'must-revalidate' } ]
32 silly lockFile dde8decd-grunt-contrib-usemin grunt-contrib-usemin@
33 silly lockFile dde8decd-grunt-contrib-usemin grunt-contrib-usemin@
34 error 404 'grunt-contrib-usemin' is not in the npm registry.
34 error 404 You should bug the author to publish it
34 error 404
34 error 404 Note that you can also install from a
34 error 404 tarball, folder, or http url, or git url.
35 error System Linux 3.11.0-12-generic
36 error command "/usr/bin/nodejs" "/usr/bin/npm" "install" "grunt-contrib-usemin"
37 error cwd /var/www/ghost/content/themes/attic
38 error node -v v0.10.15
39 error npm -v 1.2.18
40 error code E404
41 verbose exit [ 1, true ]
